<?xml version="1.0"?>
<!DOCTYPE coverage SYSTEM "http://cobertura.sourceforge.net/xml/coverage-04.dtd">

<coverage line-rate="0.9634146341463414" branch-rate="0.9112903225806451" lines-covered="158" lines-valid="164" branches-covered="113" branches-valid="124" complexity="3.0625" version="2.0.3" timestamp="1459632650369">
	<sources>
		<source>src/main/java</source>
	</sources>
	<packages>
		<package name="org.apache.commons.math3.optimization.linear" line-rate="0.9634146341463414" branch-rate="0.9112903225806451" complexity="3.0625">
			<classes>
				<class name="org.apache.commons.math3.optimization.linear.SimplexTableau" filename="org/apache/commons/math3/optimization/linear/SimplexTableau.java" line-rate="0.9634146341463414" branch-rate="0.9112903225806451" complexity="3.0625">
					<methods>
						<method name="&lt;init&gt;" signature="(Lorg/apache/commons/math3/optimization/linear/LinearObjectiveFunction;Ljava/util/Collection;Lorg/apache/commons/math3/optimization/GoalType;ZD)V" line-rate="1.0" branch-rate="1.0">
							<lines>
								<line number="117" hits="4" branch="false"/>
								<line number="118" hits="4" branch="false"/>
							</lines>
						</method>
						<method name="&lt;init&gt;" signature="(Lorg/apache/commons/math3/optimization/linear/LinearObjectiveFunction;Ljava/util/Collection;Lorg/apache/commons/math3/optimization/GoalType;ZDI)V" line-rate="1.0" branch-rate="1.0">
							<lines>
								<line number="84" hits="29" branch="false"/>
								<line number="134" hits="29" branch="false"/>
								<line number="135" hits="29" branch="false"/>
								<line number="136" hits="29" branch="false"/>
								<line number="137" hits="29" branch="false"/>
								<line number="138" hits="29" branch="false"/>
								<line number="139" hits="29" branch="false"/>
								<line number="140" hits="29" branch="true" condition-coverage="100% (2/2)">
									<conditions>
										<condition number="0" type="jump" coverage="100%"/>
									</conditions>
								</line>
								<line number="142" hits="29" branch="false"/>
								<line number="144" hits="29" branch="false"/>
								<line number="146" hits="29" branch="true" condition-coverage="100% (2/2)">
									<conditions>
										<condition number="0" type="jump" coverage="100%"/>
									</conditions>
								</line>
								<line number="147" hits="29" branch="false"/>
								<line number="148" hits="29" branch="false"/>
							</lines>
						</method>
						<method name="copyArray" signature="([D[D)V" line-rate="1.0" branch-rate="1.0">
							<lines>
								<line number="374" hits="205" branch="false"/>
								<line number="375" hits="205" branch="false"/>
							</lines>
						</method>
						<method name="createTableau" signature="(Z)Lorg/apache/commons/math3/linear/RealMatrix;" line-rate="1.0" branch-rate="1.0">
							<lines>
								<line number="181" hits="29" branch="false"/>
								<line number="183" hits="29" branch="false"/>
								<line number="184" hits="29" branch="false"/>
								<line number="187" hits="29" branch="true" condition-coverage="100% (2/2)">
									<conditions>
										<condition number="0" type="jump" coverage="100%"/>
									</conditions>
								</line>
								<line number="188" hits="24" branch="false"/>
								<line number="190" hits="29" branch="true" condition-coverage="100% (2/2)">
									<conditions>
										<condition number="0" type="jump" coverage="100%"/>
									</conditions>
								</line>
								<line number="191" hits="29" branch="true" condition-coverage="100% (2/2)">
									<conditions>
										<condition number="0" type="jump" coverage="100%"/>
									</conditions>
								</line>
								<line number="192" hits="29" branch="true" condition-coverage="100% (2/2)">
									<conditions>
										<condition number="0" type="jump" coverage="100%"/>
									</conditions>
								</line>
								<line number="194" hits="29" branch="false"/>
								<line number="195" hits="29" branch="true" condition-coverage="100% (2/2)">
									<conditions>
										<condition number="0" type="jump" coverage="100%"/>
									</conditions>
								</line>
								<line number="198" hits="29" branch="true" condition-coverage="100% (2/2)">
									<conditions>
										<condition number="0" type="jump" coverage="100%"/>
									</conditions>
								</line>
								<line number="199" hits="16" branch="false"/>
								<line number="204" hits="29" branch="false"/>
								<line number="205" hits="29" branch="false"/>
								<line number="206" hits="205" branch="true" condition-coverage="100% (2/2)">
									<conditions>
										<condition number="0" type="jump" coverage="100%"/>
									</conditions>
								</line>
								<line number="207" hits="176" branch="false"/>
								<line number="208" hits="176" branch="false"/>
								<line number="211" hits="176" branch="false"/>
								<line number="214" hits="176" branch="true" condition-coverage="100% (2/2)">
									<conditions>
										<condition number="0" type="jump" coverage="100%"/>
									</conditions>
								</line>
								<line number="215" hits="46" branch="false"/>
								<line number="220" hits="176" branch="false"/>
								<line number="223" hits="176" branch="true" condition-coverage="100% (2/2)">
									<conditions>
										<condition number="0" type="jump" coverage="100%"/>
									</conditions>
								</line>
								<line number="224" hits="34" branch="false"/>
								<line number="225" hits="142" branch="true" condition-coverage="100% (2/2)">
									<conditions>
										<condition number="0" type="jump" coverage="100%"/>
									</conditions>
								</line>
								<line number="226" hits="40" branch="false"/>
								<line number="230" hits="176" branch="true" condition-coverage="100% (4/4)">
									<conditions>
										<condition number="0" type="jump" coverage="100%"/>
										<condition number="1" type="jump" coverage="100%"/>
									</conditions>
								</line>
								<line number="232" hits="142" branch="false"/>
								<line number="233" hits="142" branch="false"/>
								<line number="234" hits="142" branch="false"/>
								<line number="238" hits="29" branch="false"/>
							</lines>
						</method>
						<method name="divideRow" signature="(ID)V" line-rate="1.0" branch-rate="1.0">
							<lines>
								<line number="439" hits="31207" branch="true" condition-coverage="100% (2/2)">
									<conditions>
										<condition number="0" type="jump" coverage="100%"/>
									</conditions>
								</line>
								<line number="440" hits="31046" branch="false"/>
								<line number="442" hits="161" branch="false"/>
							</lines>
						</method>
						<method name="dropPhase1Objective" signature="()V" line-rate="1.0" branch-rate="1.0">
							<lines>
								<line number="328" hits="23" branch="true" condition-coverage="100% (2/2)">
									<conditions>
										<condition number="0" type="jump" coverage="100%"/>
									</conditions>
								</line>
								<line number="329" hits="4" branch="false"/>
								<line number="332" hits="19" branch="false"/>
								<line number="333" hits="19" branch="false"/>
								<line number="336" hits="358" branch="true" condition-coverage="100% (2/2)">
									<conditions>
										<condition number="0" type="jump" coverage="100%"/>
									</conditions>
								</line>
								<line number="337" hits="339" branch="false"/>
								<line number="338" hits="339" branch="true" condition-coverage="100% (2/2)">
									<conditions>
										<condition number="0" type="jump" coverage="100%"/>
									</conditions>
								</line>
								<line number="339" hits="17" branch="false"/>
								<line number="344" hits="155" branch="true" condition-coverage="100% (2/2)">
									<conditions>
										<condition number="0" type="jump" coverage="100%"/>
									</conditions>
								</line>
								<line number="345" hits="136" branch="false"/>
								<line number="346" hits="136" branch="true" condition-coverage="100% (2/2)">
									<conditions>
										<condition number="0" type="jump" coverage="100%"/>
									</conditions>
								</line>
								<line number="347" hits="132" branch="false"/>
								<line number="351" hits="19" branch="false"/>
								<line number="352" hits="190" branch="true" condition-coverage="100% (2/2)">
									<conditions>
										<condition number="0" type="jump" coverage="100%"/>
									</conditions>
								</line>
								<line number="353" hits="171" branch="false"/>
								<line number="354" hits="31674" branch="true" condition-coverage="100% (2/2)">
									<conditions>
										<condition number="0" type="jump" coverage="100%"/>
									</conditions>
								</line>
								<line number="355" hits="31503" branch="true" condition-coverage="100% (2/2)">
									<conditions>
										<condition number="0" type="jump" coverage="100%"/>
									</conditions>
								</line>
								<line number="356" hits="22266" branch="false"/>
								<line number="361" hits="187" branch="true" condition-coverage="100% (2/2)">
									<conditions>
										<condition number="0" type="jump" coverage="100%"/>
									</conditions>
								</line>
								<line number="362" hits="168" branch="false"/>
								<line number="365" hits="19" branch="false"/>
								<line number="366" hits="19" branch="false"/>
								<line number="367" hits="19" branch="false"/>
							</lines>
						</method>
						<method name="equals" signature="(Ljava/lang/Object;)Z" line-rate="0.6666666666666666" branch-rate="0.5">
							<lines>
								<line number="570" hits="1" branch="true" condition-coverage="50% (1/2)">
									<conditions>
										<condition number="0" type="jump" coverage="50%"/>
									</conditions>
								</line>
								<line number="571" hits="0" branch="false"/>
								<line number="574" hits="1" branch="true" condition-coverage="50% (1/2)">
									<conditions>
										<condition number="0" type="jump" coverage="50%"/>
									</conditions>
								</line>
								<line number="575" hits="1" branch="false"/>
								<line number="576" hits="1" branch="true" condition-coverage="50% (9/18)">
									<conditions>
										<condition number="0" type="jump" coverage="50%"/>
										<condition number="1" type="jump" coverage="50%"/>
										<condition number="2" type="jump" coverage="50%"/>
										<condition number="3" type="jump" coverage="50%"/>
										<condition number="4" type="jump" coverage="50%"/>
										<condition number="5" type="jump" coverage="50%"/>
										<condition number="6" type="jump" coverage="50%"/>
										<condition number="7" type="jump" coverage="50%"/>
										<condition number="8" type="jump" coverage="50%"/>
									</conditions>
								</line>
								<line number="586" hits="0" branch="false"/>
							</lines>
						</method>
						<method name="getArtificialVariableOffset" signature="()I" line-rate="1.0" branch-rate="1.0">
							<lines>
								<line number="508" hits="2582" branch="false"/>
							</lines>
						</method>
						<method name="getBasicRow" signature="(I)Ljava/lang/Integer;" line-rate="1.0" branch-rate="1.0">
							<lines>
								<line number="311" hits="465" branch="false"/>
								<line number="312" hits="24527" branch="true" condition-coverage="100% (2/2)">
									<conditions>
										<condition number="0" type="jump" coverage="100%"/>
									</conditions>
								</line>
								<line number="313" hits="24213" branch="false"/>
								<line number="314" hits="24213" branch="true" condition-coverage="100% (4/4)">
									<conditions>
										<condition number="0" type="jump" coverage="100%"/>
										<condition number="1" type="jump" coverage="100%"/>
									</conditions>
								</line>
								<line number="315" hits="442" branch="false"/>
								<line number="316" hits="23771" branch="true" condition-coverage="100% (2/2)">
									<conditions>
										<condition number="0" type="jump" coverage="100%"/>
									</conditions>
								</line>
								<line number="317" hits="151" branch="false"/>
								<line number="320" hits="314" branch="false"/>
							</lines>
						</method>
						<method name="getConstraintTypeCounts" signature="(Lorg/apache/commons/math3/optimization/linear/Relationship;)I" line-rate="1.0" branch-rate="1.0">
							<lines>
								<line number="283" hits="116" branch="false"/>
								<line number="284" hits="116" branch="true" condition-coverage="100% (2/2)">
									<conditions>
										<condition number="0" type="jump" coverage="100%"/>
									</conditions>
								</line>
								<line number="285" hits="704" branch="true" condition-coverage="100% (2/2)">
									<conditions>
										<condition number="0" type="jump" coverage="100%"/>
									</conditions>
								</line>
								<line number="286" hits="216" branch="false"/>
								<line number="288" hits="704" branch="false"/>
								<line number="289" hits="116" branch="false"/>
							</lines>
						</method>
						<method name="getData" signature="()[[D" line-rate="1.0" branch-rate="1.0">
							<lines>
								<line number="563" hits="3" branch="false"/>
							</lines>
						</method>
						<method name="getEntry" signature="(II)D" line-rate="1.0" branch-rate="1.0">
							<lines>
								<line number="482" hits="83938" branch="false"/>
							</lines>
						</method>
						<method name="getHeight" signature="()I" line-rate="1.0" branch-rate="1.0">
							<lines>
								<line number="473" hits="43277" branch="false"/>
							</lines>
						</method>
						<method name="getInvertedCoefficientSum" signature="(Lorg/apache/commons/math3/linear/RealVector;)D" line-rate="1.0" branch-rate="1.0">
							<lines>
								<line number="298" hits="62" branch="false"/>
								<line number="299" hits="239" branch="true" condition-coverage="100% (2/2)">
									<conditions>
										<condition number="0" type="jump" coverage="100%"/>
									</conditions>
								</line>
								<line number="300" hits="177" branch="false"/>
								<line number="302" hits="62" branch="false"/>
							</lines>
						</method>
						<method name="getNumArtificialVariables" signature="()I" line-rate="1.0" branch-rate="1.0">
							<lines>
								<line number="555" hits="2159" branch="false"/>
							</lines>
						</method>
						<method name="getNumDecisionVariables" signature="()I" line-rate="0.0" branch-rate="1.0">
							<lines>
								<line number="530" hits="0" branch="false"/>
							</lines>
						</method>
						<method name="getNumObjectiveFunctions" signature="()I" line-rate="1.0" branch-rate="1.0">
							<lines>
								<line number="274" hits="3814" branch="true" condition-coverage="100% (2/2)">
									<conditions>
										<condition number="0" type="jump" coverage="100%"/>
									</conditions>
								</line>
							</lines>
						</method>
						<method name="getNumSlackVariables" signature="()I" line-rate="1.0" branch-rate="1.0">
							<lines>
								<line number="547" hits="103" branch="false"/>
							</lines>
						</method>
						<method name="getOriginalNumDecisionVariables" signature="()I" line-rate="1.0" branch-rate="1.0">
							<lines>
								<line number="539" hits="345" branch="false"/>
							</lines>
						</method>
						<method name="getRhsOffset" signature="()I" line-rate="1.0" branch-rate="1.0">
							<lines>
								<line number="516" hits="160" branch="false"/>
							</lines>
						</method>
						<method name="getSlackVariableOffset" signature="()I" line-rate="1.0" branch-rate="1.0">
							<lines>
								<line number="500" hits="136" branch="false"/>
							</lines>
						</method>
						<method name="getSolution" signature="()Lorg/apache/commons/math3/optimization/PointValuePair;" line-rate="1.0" branch-rate="1.0">
							<lines>
								<line number="397" hits="21" branch="false"/>
								<line number="398" hits="21" branch="true" condition-coverage="100% (2/2)">
									<conditions>
										<condition number="0" type="jump" coverage="100%"/>
									</conditions>
								</line>
								<line number="399" hits="21" branch="true" condition-coverage="100% (2/2)">
									<conditions>
										<condition number="0" type="jump" coverage="100%"/>
									</conditions>
								</line>
								<line number="401" hits="21" branch="false"/>
								<line number="402" hits="21" branch="false"/>
								<line number="403" hits="301" branch="true" condition-coverage="100% (2/2)">
									<conditions>
										<condition number="0" type="jump" coverage="100%"/>
									</conditions>
								</line>
								<line number="404" hits="280" branch="false"/>
								<line number="405" hits="280" branch="true" condition-coverage="100% (2/2)">
									<conditions>
										<condition number="0" type="jump" coverage="100%"/>
									</conditions>
								</line>
								<line number="406" hits="9" branch="false"/>
								<line number="407" hits="9" branch="false"/>
								<line number="409" hits="271" branch="false"/>
								<line number="410" hits="271" branch="true" condition-coverage="100% (4/4)">
									<conditions>
										<condition number="0" type="jump" coverage="100%"/>
										<condition number="1" type="jump" coverage="100%"/>
									</conditions>
								</line>
								<line number="414" hits="1" branch="false"/>
								<line number="415" hits="270" branch="true" condition-coverage="100% (2/2)">
									<conditions>
										<condition number="0" type="jump" coverage="100%"/>
									</conditions>
								</line>
								<line number="418" hits="128" branch="true" condition-coverage="100% (2/2)">
									<conditions>
										<condition number="0" type="jump" coverage="100%"/>
									</conditions>
								</line>
								<line number="420" hits="142" branch="false"/>
								<line number="421" hits="142" branch="true" condition-coverage="100% (4/4)">
									<conditions>
										<condition number="0" type="jump" coverage="100%"/>
										<condition number="1" type="jump" coverage="100%"/>
									</conditions>
								</line>
								<line number="426" hits="21" branch="false"/>
							</lines>
						</method>
						<method name="getWidth" signature="()I" line-rate="1.0" branch-rate="1.0">
							<lines>
								<line number="465" hits="116283" branch="false"/>
							</lines>
						</method>
						<method name="hashCode" signature="()I" line-rate="0.0" branch-rate="1.0">
							<lines>
								<line number="592" hits="0" branch="false"/>
							</lines>
						</method>
						<method name="initializeColumnLabels" signature="()V" line-rate="1.0" branch-rate="1.0">
							<lines>
								<line number="154" hits="29" branch="true" condition-coverage="100% (2/2)">
									<conditions>
										<condition number="0" type="jump" coverage="100%"/>
									</conditions>
								</line>
								<line number="155" hits="24" branch="false"/>
								<line number="157" hits="29" branch="false"/>
								<line number="158" hits="324" branch="true" condition-coverage="100% (2/2)">
									<conditions>
										<condition number="0" type="jump" coverage="100%"/>
									</conditions>
								</line>
								<line number="159" hits="295" branch="false"/>
								<line number="161" hits="29" branch="true" condition-coverage="100% (2/2)">
									<conditions>
										<condition number="0" type="jump" coverage="100%"/>
									</conditions>
								</line>
								<line number="162" hits="16" branch="false"/>
								<line number="164" hits="103" branch="true" condition-coverage="100% (2/2)">
									<conditions>
										<condition number="0" type="jump" coverage="100%"/>
									</conditions>
								</line>
								<line number="165" hits="74" branch="false"/>
								<line number="167" hits="171" branch="true" condition-coverage="100% (2/2)">
									<conditions>
										<condition number="0" type="jump" coverage="100%"/>
									</conditions>
								</line>
								<line number="168" hits="142" branch="false"/>
								<line number="170" hits="29" branch="false"/>
								<line number="171" hits="29" branch="false"/>
							</lines>
						</method>
						<method name="isOptimal" signature="()Z" line-rate="1.0" branch-rate="1.0">
							<lines>
								<line number="382" hits="13518" branch="true" condition-coverage="100% (2/2)">
									<conditions>
										<condition number="0" type="jump" coverage="100%"/>
									</conditions>
								</line>
								<line number="383" hits="13476" branch="false"/>
								<line number="384" hits="13476" branch="true" condition-coverage="100% (2/2)">
									<conditions>
										<condition number="0" type="jump" coverage="100%"/>
									</conditions>
								</line>
								<line number="385" hits="162" branch="false"/>
								<line number="388" hits="42" branch="false"/>
							</lines>
						</method>
						<method name="normalize" signature="(Lorg/apache/commons/math3/optimization/linear/LinearConstraint;)Lorg/apache/commons/math3/optimization/linear/LinearConstraint;" line-rate="1.0" branch-rate="1.0">
							<lines>
								<line number="260" hits="176" branch="true" condition-coverage="100% (2/2)">
									<conditions>
										<condition number="0" type="jump" coverage="100%"/>
									</conditions>
								</line>
								<line number="261" hits="7" branch="false"/>
								<line number="265" hits="169" branch="false"/>
							</lines>
						</method>
						<method name="normalizeConstraints" signature="(Ljava/util/Collection;)Ljava/util/List;" line-rate="1.0" branch-rate="1.0">
							<lines>
								<line number="247" hits="29" branch="false"/>
								<line number="248" hits="29" branch="true" condition-coverage="100% (2/2)">
									<conditions>
										<condition number="0" type="jump" coverage="100%"/>
									</conditions>
								</line>
								<line number="249" hits="176" branch="false"/>
								<line number="250" hits="176" branch="false"/>
								<line number="251" hits="29" branch="false"/>
							</lines>
						</method>
						<method name="readObject" signature="(Ljava/io/ObjectInputStream;)V" line-rate="1.0" branch-rate="1.0">
							<lines>
								<line number="620" hits="1" branch="false"/>
								<line number="621" hits="1" branch="false"/>
								<line number="622" hits="1" branch="false"/>
							</lines>
						</method>
						<method name="setEntry" signature="(IID)V" line-rate="0.0" branch-rate="1.0">
							<lines>
								<line number="492" hits="0" branch="false"/>
								<line number="493" hits="0" branch="false"/>
							</lines>
						</method>
						<method name="subtractRow" signature="(IID)V" line-rate="1.0" branch-rate="1.0">
							<lines>
								<line number="456" hits="9099" branch="false"/>
								<line number="458" hits="9099" branch="false"/>
							</lines>
						</method>
						<method name="writeObject" signature="(Ljava/io/ObjectOutputStream;)V" line-rate="1.0" branch-rate="1.0">
							<lines>
								<line number="609" hits="1" branch="false"/>
								<line number="610" hits="1" branch="false"/>
								<line number="611" hits="1" branch="false"/>
							</lines>
						</method>
					</methods>
					<lines>
						<line number="84" hits="29" branch="false"/>
						<line number="117" hits="4" branch="false"/>
						<line number="118" hits="4" branch="false"/>
						<line number="134" hits="29" branch="false"/>
						<line number="135" hits="29" branch="false"/>
						<line number="136" hits="29" branch="false"/>
						<line number="137" hits="29" branch="false"/>
						<line number="138" hits="29" branch="false"/>
						<line number="139" hits="29" branch="false"/>
						<line number="140" hits="29" branch="true" condition-coverage="100% (2/2)">
							<conditions>
								<condition number="0" type="jump" coverage="100%"/>
							</conditions>
						</line>
						<line number="142" hits="29" branch="false"/>
						<line number="144" hits="29" branch="false"/>
						<line number="146" hits="29" branch="true" condition-coverage="100% (2/2)">
							<conditions>
								<condition number="0" type="jump" coverage="100%"/>
							</conditions>
						</line>
						<line number="147" hits="29" branch="false"/>
						<line number="148" hits="29" branch="false"/>
						<line number="154" hits="29" branch="true" condition-coverage="100% (2/2)">
							<conditions>
								<condition number="0" type="jump" coverage="100%"/>
							</conditions>
						</line>
						<line number="155" hits="24" branch="false"/>
						<line number="157" hits="29" branch="false"/>
						<line number="158" hits="324" branch="true" condition-coverage="100% (2/2)">
							<conditions>
								<condition number="0" type="jump" coverage="100%"/>
							</conditions>
						</line>
						<line number="159" hits="295" branch="false"/>
						<line number="161" hits="29" branch="true" condition-coverage="100% (2/2)">
							<conditions>
								<condition number="0" type="jump" coverage="100%"/>
							</conditions>
						</line>
						<line number="162" hits="16" branch="false"/>
						<line number="164" hits="103" branch="true" condition-coverage="100% (2/2)">
							<conditions>
								<condition number="0" type="jump" coverage="100%"/>
							</conditions>
						</line>
						<line number="165" hits="74" branch="false"/>
						<line number="167" hits="171" branch="true" condition-coverage="100% (2/2)">
							<conditions>
								<condition number="0" type="jump" coverage="100%"/>
							</conditions>
						</line>
						<line number="168" hits="142" branch="false"/>
						<line number="170" hits="29" branch="false"/>
						<line number="171" hits="29" branch="false"/>
						<line number="181" hits="29" branch="false"/>
						<line number="183" hits="29" branch="false"/>
						<line number="184" hits="29" branch="false"/>
						<line number="187" hits="29" branch="true" condition-coverage="100% (2/2)">
							<conditions>
								<condition number="0" type="jump" coverage="100%"/>
							</conditions>
						</line>
						<line number="188" hits="24" branch="false"/>
						<line number="190" hits="29" branch="true" condition-coverage="100% (2/2)">
							<conditions>
								<condition number="0" type="jump" coverage="100%"/>
							</conditions>
						</line>
						<line number="191" hits="29" branch="true" condition-coverage="100% (2/2)">
							<conditions>
								<condition number="0" type="jump" coverage="100%"/>
							</conditions>
						</line>
						<line number="192" hits="29" branch="true" condition-coverage="100% (2/2)">
							<conditions>
								<condition number="0" type="jump" coverage="100%"/>
							</conditions>
						</line>
						<line number="194" hits="29" branch="false"/>
						<line number="195" hits="29" branch="true" condition-coverage="100% (2/2)">
							<conditions>
								<condition number="0" type="jump" coverage="100%"/>
							</conditions>
						</line>
						<line number="198" hits="29" branch="true" condition-coverage="100% (2/2)">
							<conditions>
								<condition number="0" type="jump" coverage="100%"/>
							</conditions>
						</line>
						<line number="199" hits="16" branch="false"/>
						<line number="204" hits="29" branch="false"/>
						<line number="205" hits="29" branch="false"/>
						<line number="206" hits="205" branch="true" condition-coverage="100% (2/2)">
							<conditions>
								<condition number="0" type="jump" coverage="100%"/>
							</conditions>
						</line>
						<line number="207" hits="176" branch="false"/>
						<line number="208" hits="176" branch="false"/>
						<line number="211" hits="176" branch="false"/>
						<line number="214" hits="176" branch="true" condition-coverage="100% (2/2)">
							<conditions>
								<condition number="0" type="jump" coverage="100%"/>
							</conditions>
						</line>
						<line number="215" hits="46" branch="false"/>
						<line number="220" hits="176" branch="false"/>
						<line number="223" hits="176" branch="true" condition-coverage="100% (2/2)">
							<conditions>
								<condition number="0" type="jump" coverage="100%"/>
							</conditions>
						</line>
						<line number="224" hits="34" branch="false"/>
						<line number="225" hits="142" branch="true" condition-coverage="100% (2/2)">
							<conditions>
								<condition number="0" type="jump" coverage="100%"/>
							</conditions>
						</line>
						<line number="226" hits="40" branch="false"/>
						<line number="230" hits="176" branch="true" condition-coverage="100% (4/4)">
							<conditions>
								<condition number="0" type="jump" coverage="100%"/>
								<condition number="1" type="jump" coverage="100%"/>
							</conditions>
						</line>
						<line number="232" hits="142" branch="false"/>
						<line number="233" hits="142" branch="false"/>
						<line number="234" hits="142" branch="false"/>
						<line number="238" hits="29" branch="false"/>
						<line number="247" hits="29" branch="false"/>
						<line number="248" hits="29" branch="true" condition-coverage="100% (2/2)">
							<conditions>
								<condition number="0" type="jump" coverage="100%"/>
							</conditions>
						</line>
						<line number="249" hits="176" branch="false"/>
						<line number="250" hits="176" branch="false"/>
						<line number="251" hits="29" branch="false"/>
						<line number="260" hits="176" branch="true" condition-coverage="100% (2/2)">
							<conditions>
								<condition number="0" type="jump" coverage="100%"/>
							</conditions>
						</line>
						<line number="261" hits="7" branch="false"/>
						<line number="265" hits="169" branch="false"/>
						<line number="274" hits="3814" branch="true" condition-coverage="100% (2/2)">
							<conditions>
								<condition number="0" type="jump" coverage="100%"/>
							</conditions>
						</line>
						<line number="283" hits="116" branch="false"/>
						<line number="284" hits="116" branch="true" condition-coverage="100% (2/2)">
							<conditions>
								<condition number="0" type="jump" coverage="100%"/>
							</conditions>
						</line>
						<line number="285" hits="704" branch="true" condition-coverage="100% (2/2)">
							<conditions>
								<condition number="0" type="jump" coverage="100%"/>
							</conditions>
						</line>
						<line number="286" hits="216" branch="false"/>
						<line number="288" hits="704" branch="false"/>
						<line number="289" hits="116" branch="false"/>
						<line number="298" hits="62" branch="false"/>
						<line number="299" hits="239" branch="true" condition-coverage="100% (2/2)">
							<conditions>
								<condition number="0" type="jump" coverage="100%"/>
							</conditions>
						</line>
						<line number="300" hits="177" branch="false"/>
						<line number="302" hits="62" branch="false"/>
						<line number="311" hits="465" branch="false"/>
						<line number="312" hits="24527" branch="true" condition-coverage="100% (2/2)">
							<conditions>
								<condition number="0" type="jump" coverage="100%"/>
							</conditions>
						</line>
						<line number="313" hits="24213" branch="false"/>
						<line number="314" hits="24213" branch="true" condition-coverage="100% (4/4)">
							<conditions>
								<condition number="0" type="jump" coverage="100%"/>
								<condition number="1" type="jump" coverage="100%"/>
							</conditions>
						</line>
						<line number="315" hits="442" branch="false"/>
						<line number="316" hits="23771" branch="true" condition-coverage="100% (2/2)">
							<conditions>
								<condition number="0" type="jump" coverage="100%"/>
							</conditions>
						</line>
						<line number="317" hits="151" branch="false"/>
						<line number="320" hits="314" branch="false"/>
						<line number="328" hits="23" branch="true" condition-coverage="100% (2/2)">
							<conditions>
								<condition number="0" type="jump" coverage="100%"/>
							</conditions>
						</line>
						<line number="329" hits="4" branch="false"/>
						<line number="332" hits="19" branch="false"/>
						<line number="333" hits="19" branch="false"/>
						<line number="336" hits="358" branch="true" condition-coverage="100% (2/2)">
							<conditions>
								<condition number="0" type="jump" coverage="100%"/>
							</conditions>
						</line>
						<line number="337" hits="339" branch="false"/>
						<line number="338" hits="339" branch="true" condition-coverage="100% (2/2)">
							<conditions>
								<condition number="0" type="jump" coverage="100%"/>
							</conditions>
						</line>
						<line number="339" hits="17" branch="false"/>
						<line number="344" hits="155" branch="true" condition-coverage="100% (2/2)">
							<conditions>
								<condition number="0" type="jump" coverage="100%"/>
							</conditions>
						</line>
						<line number="345" hits="136" branch="false"/>
						<line number="346" hits="136" branch="true" condition-coverage="100% (2/2)">
							<conditions>
								<condition number="0" type="jump" coverage="100%"/>
							</conditions>
						</line>
						<line number="347" hits="132" branch="false"/>
						<line number="351" hits="19" branch="false"/>
						<line number="352" hits="190" branch="true" condition-coverage="100% (2/2)">
							<conditions>
								<condition number="0" type="jump" coverage="100%"/>
							</conditions>
						</line>
						<line number="353" hits="171" branch="false"/>
						<line number="354" hits="31674" branch="true" condition-coverage="100% (2/2)">
							<conditions>
								<condition number="0" type="jump" coverage="100%"/>
							</conditions>
						</line>
						<line number="355" hits="31503" branch="true" condition-coverage="100% (2/2)">
							<conditions>
								<condition number="0" type="jump" coverage="100%"/>
							</conditions>
						</line>
						<line number="356" hits="22266" branch="false"/>
						<line number="361" hits="187" branch="true" condition-coverage="100% (2/2)">
							<conditions>
								<condition number="0" type="jump" coverage="100%"/>
							</conditions>
						</line>
						<line number="362" hits="168" branch="false"/>
						<line number="365" hits="19" branch="false"/>
						<line number="366" hits="19" branch="false"/>
						<line number="367" hits="19" branch="false"/>
						<line number="374" hits="205" branch="false"/>
						<line number="375" hits="205" branch="false"/>
						<line number="382" hits="13518" branch="true" condition-coverage="100% (2/2)">
							<conditions>
								<condition number="0" type="jump" coverage="100%"/>
							</conditions>
						</line>
						<line number="383" hits="13476" branch="false"/>
						<line number="384" hits="13476" branch="true" condition-coverage="100% (2/2)">
							<conditions>
								<condition number="0" type="jump" coverage="100%"/>
							</conditions>
						</line>
						<line number="385" hits="162" branch="false"/>
						<line number="388" hits="42" branch="false"/>
						<line number="397" hits="21" branch="false"/>
						<line number="398" hits="21" branch="true" condition-coverage="100% (2/2)">
							<conditions>
								<condition number="0" type="jump" coverage="100%"/>
							</conditions>
						</line>
						<line number="399" hits="21" branch="true" condition-coverage="100% (2/2)">
							<conditions>
								<condition number="0" type="jump" coverage="100%"/>
							</conditions>
						</line>
						<line number="401" hits="21" branch="false"/>
						<line number="402" hits="21" branch="false"/>
						<line number="403" hits="301" branch="true" condition-coverage="100% (2/2)">
							<conditions>
								<condition number="0" type="jump" coverage="100%"/>
							</conditions>
						</line>
						<line number="404" hits="280" branch="false"/>
						<line number="405" hits="280" branch="true" condition-coverage="100% (2/2)">
							<conditions>
								<condition number="0" type="jump" coverage="100%"/>
							</conditions>
						</line>
						<line number="406" hits="9" branch="false"/>
						<line number="407" hits="9" branch="false"/>
						<line number="409" hits="271" branch="false"/>
						<line number="410" hits="271" branch="true" condition-coverage="100% (4/4)">
							<conditions>
								<condition number="0" type="jump" coverage="100%"/>
								<condition number="1" type="jump" coverage="100%"/>
							</conditions>
						</line>
						<line number="414" hits="1" branch="false"/>
						<line number="415" hits="270" branch="true" condition-coverage="100% (2/2)">
							<conditions>
								<condition number="0" type="jump" coverage="100%"/>
							</conditions>
						</line>
						<line number="418" hits="128" branch="true" condition-coverage="100% (2/2)">
							<conditions>
								<condition number="0" type="jump" coverage="100%"/>
							</conditions>
						</line>
						<line number="420" hits="142" branch="false"/>
						<line number="421" hits="142" branch="true" condition-coverage="100% (4/4)">
							<conditions>
								<condition number="0" type="jump" coverage="100%"/>
								<condition number="1" type="jump" coverage="100%"/>
							</conditions>
						</line>
						<line number="426" hits="21" branch="false"/>
						<line number="439" hits="31207" branch="true" condition-coverage="100% (2/2)">
							<conditions>
								<condition number="0" type="jump" coverage="100%"/>
							</conditions>
						</line>
						<line number="440" hits="31046" branch="false"/>
						<line number="442" hits="161" branch="false"/>
						<line number="456" hits="9099" branch="false"/>
						<line number="458" hits="9099" branch="false"/>
						<line number="465" hits="116283" branch="false"/>
						<line number="473" hits="43277" branch="false"/>
						<line number="482" hits="83938" branch="false"/>
						<line number="492" hits="0" branch="false"/>
						<line number="493" hits="0" branch="false"/>
						<line number="500" hits="136" branch="false"/>
						<line number="508" hits="2582" branch="false"/>
						<line number="516" hits="160" branch="false"/>
						<line number="530" hits="0" branch="false"/>
						<line number="539" hits="345" branch="false"/>
						<line number="547" hits="103" branch="false"/>
						<line number="555" hits="2159" branch="false"/>
						<line number="563" hits="3" branch="false"/>
						<line number="570" hits="1" branch="true" condition-coverage="50% (1/2)">
							<conditions>
								<condition number="0" type="jump" coverage="50%"/>
							</conditions>
						</line>
						<line number="571" hits="0" branch="false"/>
						<line number="574" hits="1" branch="true" condition-coverage="50% (1/2)">
							<conditions>
								<condition number="0" type="jump" coverage="50%"/>
							</conditions>
						</line>
						<line number="575" hits="1" branch="false"/>
						<line number="576" hits="1" branch="true" condition-coverage="50% (9/18)">
							<conditions>
								<condition number="0" type="jump" coverage="50%"/>
								<condition number="1" type="jump" coverage="50%"/>
								<condition number="2" type="jump" coverage="50%"/>
								<condition number="3" type="jump" coverage="50%"/>
								<condition number="4" type="jump" coverage="50%"/>
								<condition number="5" type="jump" coverage="50%"/>
								<condition number="6" type="jump" coverage="50%"/>
								<condition number="7" type="jump" coverage="50%"/>
								<condition number="8" type="jump" coverage="50%"/>
							</conditions>
						</line>
						<line number="586" hits="0" branch="false"/>
						<line number="592" hits="0" branch="false"/>
						<line number="609" hits="1" branch="false"/>
						<line number="610" hits="1" branch="false"/>
						<line number="611" hits="1" branch="false"/>
						<line number="620" hits="1" branch="false"/>
						<line number="621" hits="1" branch="false"/>
						<line number="622" hits="1" branch="false"/>
					</lines>
				</class>
			</classes>
		</package>
	</packages>
</coverage>
